# JRE version: Java(TM) SE Runtime Environment (8.0_211-b12) (build 1.8.0_211-b12)
# Java VM: Java HotSpot(TM) 64-Bit Server VM (25.211-b12 mixed mode windows-amd64 compressed oops)
Heap:
 PSYoungGen      total 659968K, used 364806K [0x00000000d5580000, 0x00000000ffc80000, 0x0000000100000000)
  eden space 625664K, 57% used [0x00000000d5580000,0x00000000eb2e2550,0x00000000fb880000)
  from space 34304K, 20% used [0x00000000fdb00000,0x00000000fe1df5a0,0x00000000ffc80000)
  to   space 34816K, 0% used [0x00000000fb880000,0x00000000fb880000,0x00000000fda80000)
 ParOldGen       total 207872K, used 89464K [0x0000000080000000, 0x000000008cb00000, 0x00000000d5580000)
  object space 207872K, 43% used [0x0000000080000000,0x000000008575e2c8,0x000000008cb00000)
 Metaspace       used 118936K, capacity 123601K, committed 123776K, reserved 1157120K
  class space    used 15040K, capacity 15923K, committed 16000K, reserved 1048576K
GC Heap History (10 events):
Event: 141.079 GC heap before
{Heap before GC invocations=66 (full 4):
 PSYoungGen      total 659456K, used 627840K [0x00000000d5580000, 0x0000000100000000, 0x0000000100000000)
  eden space 620032K, 100% used [0x00000000d5580000,0x00000000fb300000,0x00000000fb300000)
  from space 39424K, 19% used [0x00000000fb300000,0x00000000fbaa0010,0x00000000fd980000)
  to   space 39424K, 0% used [0x00000000fd980000,0x00000000fd980000,0x0000000100000000)
 ParOldGen       total 207872K, used 84832K [0x0000000080000000, 0x000000008cb00000, 0x00000000d5580000)
  object space 207872K, 40% used [0x0000000080000000,0x00000000852d82a8,0x000000008cb00000)
 Metaspace       used 110830K, capacity 114897K, committed 115072K, reserved 1148928K
  class space    used 13877K, capacity 14680K, committed 14720K, reserved 1048576K
Event: 141.092 GC heap after
Heap after GC invocations=66 (full 4):
 PSYoungGen      total 658432K, used 7488K [0x00000000d5580000, 0x00000000fff00000, 0x0000000100000000)
  eden space 620032K, 0% used [0x00000000d5580000,0x00000000d5580000,0x00000000fb300000)
  from space 38400K, 19% used [0x00000000fd980000,0x00000000fe0d0010,0x00000000fff00000)
  to   space 38912K, 0% used [0x00000000fb300000,0x00000000fb300000,0x00000000fd900000)
 ParOldGen       total 207872K, used 86048K [0x0000000080000000, 0x000000008cb00000, 0x00000000d5580000)
  object space 207872K, 41% used [0x0000000080000000,0x00000000854082b8,0x000000008cb00000)
 Metaspace       used 110830K, capacity 114897K, committed 115072K, reserved 1148928K
  class space    used 13877K, capacity 14680K, committed 14720K, reserved 1048576K
}
Event: 141.822 GC heap before
{Heap before GC invocations=67 (full 4):
 PSYoungGen      total 658432K, used 627520K [0x00000000d5580000, 0x00000000fff00000, 0x0000000100000000)
  eden space 620032K, 100% used [0x00000000d5580000,0x00000000fb300000,0x00000000fb300000)
  from space 38400K, 19% used [0x00000000fd980000,0x00000000fe0d0010,0x00000000fff00000)
  to   space 38912K, 0% used [0x00000000fb300000,0x00000000fb300000,0x00000000fd900000)
 ParOldGen       total 207872K, used 86048K [0x0000000080000000, 0x000000008cb00000, 0x00000000d5580000)
  object space 207872K, 41% used [0x0000000080000000,0x00000000854082b8,0x000000008cb00000)
 Metaspace       used 110830K, capacity 114897K, committed 115072K, reserved 1148928K
  class space    used 13877K, capacity 14680K, committed 14720K, reserved 1048576K
Event: 141.835 GC heap after
Heap after GC invocations=67 (full 4):
 PSYoungGen      total 658944K, used 6922K [0x00000000d5580000, 0x00000000fff80000, 0x0000000100000000)
  eden space 620032K, 0% used [0x00000000d5580000,0x00000000d5580000,0x00000000fb300000)
  from space 38912K, 17% used [0x00000000fb300000,0x00000000fb9c2900,0x00000000fd900000)
  to   space 38400K, 0% used [0x00000000fda00000,0x00000000fda00000,0x00000000fff80000)
 ParOldGen       total 207872K, used 87720K [0x0000000080000000, 0x000000008cb00000, 0x00000000d5580000)
  object space 207872K, 42% used [0x0000000080000000,0x00000000855aa2b8,0x000000008cb00000)
 Metaspace       used 110830K, capacity 114897K, committed 115072K, reserved 1148928K
  class space    used 13877K, capacity 14680K, committed 14720K, reserved 1048576K
}
Event: 142.476 GC heap before
{Heap before GC invocations=68 (full 4):
 PSYoungGen      total 658944K, used 626954K [0x00000000d5580000, 0x00000000fff80000, 0x0000000100000000)
  eden space 620032K, 100% used [0x00000000d5580000,0x00000000fb300000,0x00000000fb300000)
  from space 38912K, 17% used [0x00000000fb300000,0x00000000fb9c2900,0x00000000fd900000)
  to   space 38400K, 0% used [0x00000000fda00000,0x00000000fda00000,0x00000000fff80000)
 ParOldGen       total 207872K, used 87720K [0x0000000080000000, 0x000000008cb00000, 0x00000000d5580000)
  object space 207872K, 42% used [0x0000000080000000,0x00000000855aa2b8,0x000000008cb00000)
 Metaspace       used 110830K, capacity 114897K, committed 115072K, reserved 1148928K
  class space    used 13877K, capacity 14680K, committed 14720K, reserved 1048576K
Event: 142.488 GC heap after
Heap after GC invocations=68 (full 4):
 PSYoungGen      total 657920K, used 6080K [0x00000000d5580000, 0x00000000ffd80000, 0x0000000100000000)
  eden space 621568K, 0% used [0x00000000d5580000,0x00000000d5580000,0x00000000fb480000)
  from space 36352K, 16% used [0x00000000fda00000,0x00000000fdff0010,0x00000000ffd80000)
  to   space 37376K, 0% used [0x00000000fb480000,0x00000000fb480000,0x00000000fd900000)
 ParOldGen       total 207872K, used 89072K [0x0000000080000000, 0x000000008cb00000, 0x00000000d5580000)
  object space 207872K, 42% used [0x0000000080000000,0x00000000856fc2b8,0x000000008cb00000)
 Metaspace       used 110830K, capacity 114897K, committed 115072K, reserved 1148928K
  class space    used 13877K, capacity 14680K, committed 14720K, reserved 1048576K
}
Event: 149.577 GC heap before
{Heap before GC invocations=69 (full 4):
 PSYoungGen      total 657920K, used 627648K [0x00000000d5580000, 0x00000000ffd80000, 0x0000000100000000)
  eden space 621568K, 100% used [0x00000000d5580000,0x00000000fb480000,0x00000000fb480000)
  from space 36352K, 16% used [0x00000000fda00000,0x00000000fdff0010,0x00000000ffd80000)
  to   space 37376K, 0% used [0x00000000fb480000,0x00000000fb480000,0x00000000fd900000)
 ParOldGen       total 207872K, used 89072K [0x0000000080000000, 0x000000008cb00000, 0x00000000d5580000)
  object space 207872K, 42% used [0x0000000080000000,0x00000000856fc2b8,0x000000008cb00000)
 Metaspace       used 117715K, capacity 122369K, committed 122624K, reserved 1157120K
  class space    used 14942K, capacity 15821K, committed 15872K, reserved 1048576K
Event: 149.622 GC heap after
Heap after GC invocations=69 (full 4):
 PSYoungGen      total 658944K, used 12908K [0x00000000d5580000, 0x00000000ffe00000, 0x0000000100000000)
  eden space 621568K, 0% used [0x00000000d5580000,0x00000000d5580000,0x00000000fb480000)
  from space 37376K, 34% used [0x00000000fb480000,0x00000000fc11b358,0x00000000fd900000)
  to   space 35840K, 0% used [0x00000000fdb00000,0x00000000fdb00000,0x00000000ffe00000)
 ParOldGen       total 207872K, used 89456K [0x0000000080000000, 0x000000008cb00000, 0x00000000d5580000)
  object space 207872K, 43% used [0x0000000080000000,0x000000008575c2c8,0x000000008cb00000)
 Metaspace       used 117715K, capacity 122369K, committed 122624K, reserved 1157120K
  class space    used 14942K, capacity 15821K, committed 15872K, reserved 1048576K
}
Event: 154.596 GC heap before
{Heap before GC invocations=70 (full 4):
 PSYoungGen      total 658944K, used 634476K [0x00000000d5580000, 0x00000000ffe00000, 0x0000000100000000)
  eden space 621568K, 100% used [0x00000000d5580000,0x00000000fb480000,0x00000000fb480000)
  from space 37376K, 34% used [0x00000000fb480000,0x00000000fc11b358,0x00000000fd900000)
  to   space 35840K, 0% used [0x00000000fdb00000,0x00000000fdb00000,0x00000000ffe00000)
 ParOldGen       total 207872K, used 89456K [0x0000000080000000, 0x000000008cb00000, 0x00000000d5580000)
  object space 207872K, 43% used [0x0000000080000000,0x000000008575c2c8,0x000000008cb00000)
 Metaspace       used 118894K, capacity 123533K, committed 123776K, reserved 1157120K
  class space    used 15040K, capacity 15923K, committed 16000K, reserved 1048576K
Event: 154.607 GC heap after
Heap after GC invocations=70 (full 4):
 PSYoungGen      total 659968K, used 7037K [0x00000000d5580000, 0x00000000ffc80000, 0x0000000100000000)
  eden space 625664K, 0% used [0x00000000d5580000,0x00000000d5580000,0x00000000fb880000)
  from space 34304K, 20% used [0x00000000fdb00000,0x00000000fe1df5a0,0x00000000ffc80000)
  to   space 34816K, 0% used [0x00000000fb880000,0x00000000fb880000,0x00000000fda80000)
 ParOldGen       total 207872K, used 89464K [0x0000000080000000, 0x000000008cb00000, 0x00000000d5580000)
  object space 207872K, 43% used [0x0000000080000000,0x000000008575e2c8,0x000000008cb00000)
 Metaspace       used 118894K, capacity 123533K, committed 123776K, reserved 1157120K
  class space    used 15040K, capacity 15923K, committed 16000K, reserved 1048576K
}

